
CondaError: Run 'conda init' before 'conda activate'

/nas-ctm01/homes/fmferreira/.conda/envs/ai4lungs/lib/python3.11/site-packages/torchmetrics/utilities/imports.py:22: UserWarning: pkg_resources is deprecated as an API. See https://setuptools.pypa.io/en/latest/pkg_resources.html. The pkg_resources package is slated for removal as early as 2025-11-30. Refrain from using this package or pin to Setuptools<81.
  from pkg_resources import DistributionNotFound, get_distribution
/nas-ctm01/homes/fmferreira/.conda/envs/ai4lungs/lib/python3.11/site-packages/timm/models/layers/__init__.py:48: FutureWarning: Importing from timm.models.layers is deprecated, please import via timm.layers
  warnings.warn(f"Importing from {__name__} is deprecated, please import via timm.layers", FutureWarning)
/nas-ctm01/homes/fmferreira/.conda/envs/ai4lungs/lib/python3.11/site-packages/torch/utils/checkpoint.py:429: UserWarning: torch.utils.checkpoint: please pass in use_reentrant=True or use_reentrant=False explicitly. The default value of use_reentrant will be updated to be False in the future. To maintain current behavior, pass use_reentrant=True. It is recommended that you use use_reentrant=False. Refer to docs for more details on the differences between the two variants.
  warnings.warn(
/nas-ctm01/homes/fmferreira/.conda/envs/ai4lungs/lib/python3.11/site-packages/torch/utils/checkpoint.py:61: UserWarning: None of the inputs have requires_grad=True. Gradients will be None
  warnings.warn(
/nas-ctm01/homes/fmferreira/.conda/envs/ai4lungs/lib/python3.11/site-packages/lightning_fabric/plugins/environments/slurm.py:191: The `srun` command is available on your system but is not used. HINT: If your intention is to run Lightning on SLURM, prepend your python command with `srun` like so: srun python encoder_decoder_approach.py ...
GPU available: True (cuda), used: True
TPU available: False, using: 0 TPU cores
IPU available: False, using: 0 IPUs
HPU available: False, using: 0 HPUs
You are using a CUDA device ('NVIDIA A100 80GB PCIe') that has Tensor Cores. To properly utilize them, you should set `torch.set_float32_matmul_precision('medium' | 'high')` which will trade-off precision for performance. For more details, read https://pytorch.org/docs/stable/generated/torch.set_float32_matmul_precision.html#torch.set_float32_matmul_precision
/nas-ctm01/homes/fmferreira/.conda/envs/ai4lungs/lib/python3.11/site-packages/wandb/apis/public.py:3106: UserWarning: pkg_resources is deprecated as an API. See https://setuptools.pypa.io/en/latest/pkg_resources.html. The pkg_resources package is slated for removal as early as 2025-11-30. Refrain from using this package or pin to Setuptools<81.
  from pkg_resources import parse_version
wandb: Currently logged in as: franciscosacouto (franciscosacouto-inesc-tec). Use `wandb login --relogin` to force relogin
wandb: wandb version 0.23.0 is available!  To upgrade, please run:
wandb:  $ pip install wandb --upgrade
wandb: Tracking run with wandb version 0.15.2
wandb: Run data is saved locally in ./wandb/run-20251126_195354-zzzu3sww
wandb: Run `wandb offline` to turn off syncing.
wandb: Syncing run joint_encoder_decoder_mlp_cox_model
wandb: â­ï¸ View project at https://wandb.ai/franciscosacouto-inesc-tec/survival_analysis
wandb: ðŸš€ View run at https://wandb.ai/franciscosacouto-inesc-tec/survival_analysis/runs/zzzu3sww
LOCAL_RANK: 0 - CUDA_VISIBLE_DEVICES: [0]

  | Name          | Type       | Params
---------------------------------------------
0 | survival_head | Sequential | 37.0 K
---------------------------------------------
37.0 K    Trainable params
0         Non-trainable params
37.0 K    Total params
0.148     Total estimated model params size (MB)
/nas-ctm01/homes/fmferreira/.conda/envs/ai4lungs/lib/python3.11/site-packages/torch/utils/checkpoint.py:429: UserWarning: torch.utils.checkpoint: please pass in use_reentrant=True or use_reentrant=False explicitly. The default value of use_reentrant will be updated to be False in the future. To maintain current behavior, pass use_reentrant=True. It is recommended that you use use_reentrant=False. Refer to docs for more details on the differences between the two variants.
  warnings.warn(
/nas-ctm01/homes/fmferreira/.conda/envs/ai4lungs/lib/python3.11/site-packages/torch/utils/checkpoint.py:61: UserWarning: None of the inputs have requires_grad=True. Gradients will be None
  warnings.warn(
/nas-ctm01/homes/fmferreira/.conda/envs/ai4lungs/lib/python3.11/site-packages/torchsurv/loss/cox.py:222: UserWarning: Ties in event time detected; using efron's method to handle ties.
  warnings.warn(
/nas-ctm01/homes/fmferreira/.conda/envs/ai4lungs/lib/python3.11/site-packages/pytorch_lightning/loops/fit_loop.py:293: The number of training batches (2) is smaller than the logging interval Trainer(log_every_n_steps=50). Set a lower value for log_every_n_steps if you want to see logs for the training epoch.
`Trainer.fit` stopped: `max_epochs=300` reached.
/nas-ctm01/homes/fmferreira/.conda/envs/ai4lungs/lib/python3.11/site-packages/lightning_fabric/plugins/environments/slurm.py:191: The `srun` command is available on your system but is not used. HINT: If your intention is to run Lightning on SLURM, prepend your python command with `srun` like so: srun python encoder_decoder_approach.py ...
LOCAL_RANK: 0 - CUDA_VISIBLE_DEVICES: [0]
/nas-ctm01/homes/fmferreira/.conda/envs/ai4lungs/lib/python3.11/site-packages/torch/utils/checkpoint.py:429: UserWarning: torch.utils.checkpoint: please pass in use_reentrant=True or use_reentrant=False explicitly. The default value of use_reentrant will be updated to be False in the future. To maintain current behavior, pass use_reentrant=True. It is recommended that you use use_reentrant=False. Refer to docs for more details on the differences between the two variants.
  warnings.warn(
/nas-ctm01/homes/fmferreira/.conda/envs/ai4lungs/lib/python3.11/site-packages/torch/utils/checkpoint.py:61: UserWarning: None of the inputs have requires_grad=True. Gradients will be None
  warnings.warn(
wandb: Waiting for W&B process to finish... (success).
wandb: - 0.003 MB of 0.003 MB uploaded (0.000 MB deduped)wandb: \ 0.003 MB of 0.003 MB uploaded (0.000 MB deduped)wandb: | 0.003 MB of 0.003 MB uploaded (0.000 MB deduped)wandb: / 0.003 MB of 0.003 MB uploaded (0.000 MB deduped)wandb: - 0.003 MB of 0.003 MB uploaded (0.000 MB deduped)wandb: \ 0.003 MB of 0.003 MB uploaded (0.000 MB deduped)wandb: 
wandb: Run history:
wandb:               epoch â–â–â–â–â–‚â–‚â–‚â–‚â–‚â–ƒâ–ƒâ–ƒâ–ƒâ–ƒâ–ƒâ–„â–„â–„â–„â–„â–…â–…â–…â–…â–…â–…â–†â–†â–†â–†â–†â–‡â–‡â–‡â–‡â–‡â–‡â–ˆâ–ˆâ–ˆ
wandb:       test_auc_mean â–
wandb:         test_cindex â–
wandb:          train_loss â–†â–‚â–ƒâ–†â–ˆâ–ƒâ–â–‚â–‚â–†â–‚â–
wandb: trainer/global_step â–â–â–â–â–‚â–‚â–‚â–‚â–‚â–ƒâ–ƒâ–ƒâ–ƒâ–ƒâ–ƒâ–„â–„â–„â–„â–„â–…â–…â–…â–…â–…â–…â–†â–†â–†â–†â–†â–‡â–‡â–‡â–‡â–‡â–‡â–ˆâ–ˆâ–ˆ
wandb:            val_loss â–‡â–‡â–‡â–‡â–‡â–†â–…â–†â–…â–‡â–‡â–‡â–†â–…â–ˆâ–„â–‡â–†â–„â–†â–†â–…â–…â–„â–…â–…â–‚â–ƒâ–ƒâ–†â–‚â–„â–‚â–‚â–ƒâ–†â–â–„â–…â–‚
wandb: 
wandb: Run summary:
wandb:               epoch 300
wandb:       test_auc_mean 0.68916
wandb:         test_cindex 0.64986
wandb:          train_loss 4.4426
wandb: trainer/global_step 600
wandb:            val_loss 4.18565
wandb: 
wandb: ðŸš€ View run joint_encoder_decoder_mlp_cox_model at: https://wandb.ai/franciscosacouto-inesc-tec/survival_analysis/runs/zzzu3sww
wandb: Synced 6 W&B file(s), 0 media file(s), 2 artifact file(s) and 0 other file(s)
wandb: Find logs at: ./wandb/run-20251126_195354-zzzu3sww/logs
