
CondaError: Run 'conda init' before 'conda activate'

/nas-ctm01/homes/fmferreira/.conda/envs/ai4lungs/lib/python3.11/site-packages/torchmetrics/utilities/imports.py:22: UserWarning: pkg_resources is deprecated as an API. See https://setuptools.pypa.io/en/latest/pkg_resources.html. The pkg_resources package is slated for removal as early as 2025-11-30. Refrain from using this package or pin to Setuptools<81.
  from pkg_resources import DistributionNotFound, get_distribution
/nas-ctm01/homes/fmferreira/.conda/envs/ai4lungs/lib/python3.11/site-packages/timm/models/layers/__init__.py:48: FutureWarning: Importing from timm.models.layers is deprecated, please import via timm.layers
  warnings.warn(f"Importing from {__name__} is deprecated, please import via timm.layers", FutureWarning)
Error executing job with overrides: []
Traceback (most recent call last):
  File "/nas-ctm01/homes/fmferreira/AI4LUNGS/encoder_decoder_approach.py", line 230, in main
    merged_data_df = df_outcomes.join(df_paths, how="inner")
                     ^^^^^^^^^^^^^^^^^^^^^^^^^^^^^^^^^^^^^^^
  File "/nas-ctm01/homes/fmferreira/.conda/envs/ai4lungs/lib/python3.11/site-packages/pandas/core/frame.py", line 10730, in join
    return merge(
           ^^^^^^
  File "/nas-ctm01/homes/fmferreira/.conda/envs/ai4lungs/lib/python3.11/site-packages/pandas/core/reshape/merge.py", line 184, in merge
    return op.get_result(copy=copy)
           ^^^^^^^^^^^^^^^^^^^^^^^^
  File "/nas-ctm01/homes/fmferreira/.conda/envs/ai4lungs/lib/python3.11/site-packages/pandas/core/reshape/merge.py", line 888, in get_result
    result = self._reindex_and_concat(
             ^^^^^^^^^^^^^^^^^^^^^^^^^
  File "/nas-ctm01/homes/fmferreira/.conda/envs/ai4lungs/lib/python3.11/site-packages/pandas/core/reshape/merge.py", line 840, in _reindex_and_concat
    llabels, rlabels = _items_overlap_with_suffix(
                       ^^^^^^^^^^^^^^^^^^^^^^^^^^^
  File "/nas-ctm01/homes/fmferreira/.conda/envs/ai4lungs/lib/python3.11/site-packages/pandas/core/reshape/merge.py", line 2722, in _items_overlap_with_suffix
    raise ValueError(f"columns overlap but no suffix specified: {to_rename}")
ValueError: columns overlap but no suffix specified: Index(['file_path'], dtype='object')

Set the environment variable HYDRA_FULL_ERROR=1 for a complete stack trace.
